Arguments: 
  C:\Software\node-v6.10.2-win-x64\node.exe C:\Software\node-v6.10.2-win-x64\node_modules\yarn\bin\yarn.js

PATH: 
  C:\ProgramData\Oracle\Java\javapath;c:\oracle\product\11.2.0\client_1\bin;C:\Windows\system32;C:\Windows;C:\Windows\System32\Wbem;C:\Windows\System32\WindowsPowerShell\v1.0\;C:\Program Files (x86)\Enterprise Vault\EVClient\;C:\Program Files\CenterTools\DriveLock\;C:\Windows\System32\WindowsPowerShell\v1.0\;C:\Program Files (x86)\Microsoft Team Foundation Server 2012 Power Tools\;C:\Program Files (x86)\Microsoft Team Foundation Server 2012 Power Tools\Best Practices Analyzer\;c:\oracle\product\11.2.0\client_1\bin;C:\Windows\system32;C:\Windows;C:\Windows\System32\Wbem;C:\Windows\System32\WindowsPowerShell\v1.0\;C:\Program Files (x86)\Enterprise Vault\EVClient\;C:\Program Files\CenterTools\DriveLock\;c:\oracle\product\11.2.0\client_1\bin;C:\Windows\system32;C:\Windows;C:\Windows\System32\Wbem;C:\Windows\System32\WindowsPowerShell\v1.0\;C:\Program Files (x86)\Enterprise Vault\EVClient\;C:\Program Files\CenterTools\DriveLock\;C:\Windows\System32\WindowsPowerShell\v1.0\;C:\Software\Gradle\gradle-3.5\bin;C:\Software\Java\jdk1.8.0_102\bin;C:\Software\Maven\maven-coba-distributable\m3\bin;C:\Software\VSCode;C:\Software\curl;C:\Software\PhantomJS\phantomjs-2.1.1-windows\bin;C:\Software\node-v6.10.2-win-x64;C:\Software\Git\2.10.2\bin

Yarn version: 
  0.23.4

Node version: 
  6.10.2

Platform: 
  win32 x64

npm manifest: 
  {
    "name": "timoreichert.github.io",
    "version": "0.0.0",
    "license": "MIT",
    "scripts": {
      "ng": "ng",
      "start": "ng serve",
      "build": "ng build",
      "test": "ng test",
      "lint": "ng lint",
      "e2e": "ng e2e"
    },
    "private": true,
    "dependencies": {
      "@angular/common": "^4.0.0",
      "@angular/compiler": "^4.0.0",
      "@angular/core": "^4.0.0",
      "@angular/forms": "^4.0.0",
      "@angular/http": "^4.0.0",
      "@angular/platform-browser": "^4.0.0",
      "@angular/platform-browser-dynamic": "^4.0.0",
      "@angular/router": "^4.0.0",
      "core-js": "^2.4.1",
      "rxjs": "^5.1.0",
      "zone.js": "^0.8.4"
    },
    "devDependencies": {
      "@angular/cli": "1.0.0",
      "@angular/compiler-cli": "^4.0.0",
      "@types/jasmine": "2.5.38",
      "@types/node": "~6.0.60",
      "codelyzer": "~2.0.0",
      "jasmine-core": "~2.5.2",
      "jasmine-spec-reporter": "~3.2.0",
      "karma": "~1.4.1",
      "karma-chrome-launcher": "~2.0.0",
      "karma-cli": "~1.0.1",
      "karma-jasmine": "~1.1.0",
      "karma-jasmine-html-reporter": "^0.2.2",
      "karma-coverage-istanbul-reporter": "^0.2.0",
      "protractor": "~5.1.0",
      "ts-node": "~2.0.0",
      "tslint": "~4.5.0",
      "typescript": "~2.2.0"
    }
  }

yarn manifest: 
  No manifest

Lockfile: 
  No lockfile

Trace: 
  Error: http://sv222538.18500.lu.commerzbank.com/registry/_design/app/_rewrite/make-dir: not_found
      at Request.params.callback [as _callback] (C:\Software\node-v6.10.2-win-x64\node_modules\yarn\lib\util\request-manager.js:326:18)
      at Request.self.callback (C:\Software\node-v6.10.2-win-x64\node_modules\yarn\node_modules\request\request.js:188:22)
      at emitTwo (events.js:106:13)
      at Request.emit (events.js:191:7)
      at Request.<anonymous> (C:\Software\node-v6.10.2-win-x64\node_modules\yarn\node_modules\request\request.js:1171:10)
      at emitOne (events.js:96:13)
      at Request.emit (events.js:188:7)
      at IncomingMessage.<anonymous> (C:\Software\node-v6.10.2-win-x64\node_modules\yarn\node_modules\request\request.js:1091:12)
      at IncomingMessage.g (events.js:291:16)
      at emitNone (events.js:91:20)
      at IncomingMessage.emit (events.js:185:7)
